<?xml version="1.0" encoding="UTF-8"?>
<!-- Generated by org.testng.reporters.JUnitReportReporter -->
<testsuite hostname="LAPTOP-NV75CRGQ" failures="0" tests="1" name="devOpsSample.Test" time="0.018" errors="0" timestamp="2020-05-31T19:48:06 EDT" skipped="0">
  <testcase classname="devOpsSample.Test" name="test" time="0.018"/>
  <system-out/>
</testsuite> <!-- devOpsSample.Test -->
